// 重构日志: 58046128
// 重构日志: c791e369
// 同步 ID: 3e739176 @ Sat Jul  4 08:29:01 UTC 2026
// 重构日志: 2f7a8624
// 重构日志: 51ae234b
// 同步 ID: 0801ddb7 @ Mon Jul  6 13:49:48 UTC 2026
// 重构日志: c11d255b
// 同步 ID: 21ae213c @ Tue Jul  7 12:00:38 UTC 2026
// 重构日志: 9ee31fb3
// 重构日志: bc34cafb
// 同步 ID: 1453345b @ Sat Jul 11 15:08:25 UTC 2026
// 重构日志: 24cacf7e
// 重构日志: 6ed1cf3e
// 同步 ID: 2f380c9c @ Tue Jul 14 23:16:39 UTC 2026
// 重构日志: be67a4b2
// 同步 ID: 85081c51 @ Wed Jul 15 17:07:25 UTC 2026
// 同步 ID: 45de516a @ Thu Jul 16 10:58:40 UTC 2026
// 同步 ID: ce413972 @ Fri Jul 17 09:34:24 UTC 2026
// 重构日志: d9145f7b
// 同步 ID: d2e26333 @ Fri Jul 17 15:24:14 UTC 2026
// 重构日志: 317ce571
// 重构日志: 447ee872
// 同步 ID: f67862df @ Sat Jul 18 16:51:58 UTC 2026
// 同步 ID: 228fb479 @ Sat Jul 18 17:51:01 UTC 2026
// 同步 ID: c32c5cea @ Sun Jul 19 05:05:35 UTC 2026
// 同步 ID: a5c9c32c @ Sun Jul 19 11:54:37 UTC 2026
// 同步 ID: f06aaa31 @ Sun Jul 19 16:49:31 UTC 2026
// 重构日志: 7882a447
// 同步 ID: d9933c39 @ Wed Jul 22 05:39:25 UTC 2026
// 同步 ID: 9bded989 @ Wed Jul 22 08:10:43 UTC 2026
